#
# A fatal error has been detected by the Java Runtime Environment:
#
#  Internal Error (javaClasses.cpp:129), pid=4268, tid=7940
#  fatal error: Invalid layout of preloaded class
#
# JRE version: 7.0_25-b17
# Java VM: Java HotSpot(TM) 64-Bit Server VM (23.25-b01 mixed mode windows-amd64 compressed oops)
# Failed to write core dump. Minidumps are not enabled by default on client versions of Windows
#
# If you would like to submit a bug report, please visit:
#   http://bugreport.sun.com/bugreport/crash.jsp
#

---------------  T H R E A D  ---------------

Current thread (0x00000000008ee000):  JavaThread "Unknown thread" [_thread_in_vm, id=7940, stack(0x0000000002400000,0x0000000002500000)]

Stack: [0x0000000002400000,0x0000000002500000]

---------------  P R O C E S S  ---------------

Java Threads: ( => current thread )

Other Threads:

=>0x00000000008ee000 (exited) JavaThread "Unknown thread" [_thread_in_vm, id=7940, stack(0x0000000002400000,0x0000000002500000)]

VM state:not at safepoint (not fully initialized)

VM Mutex/Monitor currently owned by a thread: None

GC Heap History (0 events):
No events

Deoptimization events (0 events):
No events

Internal exceptions (0 events):
No events

Events (10 events):
Event: 0.041 loading class 0x000000000251c640 done
Event: 0.041 loading class 0x000000000251c7c0 done
Event: 0.041 loading class 0x000000000251c760
Event: 0.041 loading class 0x000000000b804790
Event: 0.041 loading class 0x000000000b804790 done
Event: 0.041 loading class 0x000000000b803bd0
Event: 0.041 loading class 0x000000000b803bd0 done
Event: 0.041 loading class 0x000000000b802c60
Event: 0.041 loading class 0x000000000b802c60 done
Event: 0.042 loading class 0x000000000251c760 done


Dynamic libraries:
0x00007ff783070000 - 0x00007ff7830a3000 	C:\Program Files\Java\jre7\bin\javaw.exe
0x00007ff9c33c0000 - 0x00007ff9c3569000 	C:\WINDOWS\SYSTEM32\ntdll.dll
0x00007ff9c2ac0000 - 0x00007ff9c2bf9000 	C:\WINDOWS\system32\KERNEL32.DLL
0x00007ff9c0b40000 - 0x00007ff9c0c4e000 	C:\WINDOWS\system32\KERNELBASE.dll
0x00007ff9bf340000 - 0x00007ff9bf3cb000 	C:\WINDOWS\system32\apphelp.dll
0x00007ff9b8070000 - 0x00007ff9b80bf000 	C:\WINDOWS\AppPatch\AppPatch64\AcGenral.DLL
0x00007ff9c26f0000 - 0x00007ff9c2797000 	C:\WINDOWS\system32\msvcrt.dll
0x00007ff9c04f0000 - 0x00007ff9c051b000 	C:\WINDOWS\SYSTEM32\SspiCli.dll
0x00007ff9c28b0000 - 0x00007ff9c2901000 	C:\WINDOWS\system32\SHLWAPI.dll
0x00007ff9c24c0000 - 0x00007ff9c2631000 	C:\WINDOWS\system32\USER32.dll
0x00007ff9c2060000 - 0x00007ff9c21d6000 	C:\WINDOWS\system32\ole32.dll
0x00007ff9c0c50000 - 0x00007ff9c205f000 	C:\WINDOWS\system32\SHELL32.dll
0x00007ff9bfd20000 - 0x00007ff9bfd3f000 	C:\WINDOWS\SYSTEM32\USERENV.dll
0x00007ff9c27a0000 - 0x00007ff9c2845000 	C:\WINDOWS\system32\ADVAPI32.dll
0x00007ff9b8900000 - 0x00007ff9b891b000 	C:\WINDOWS\SYSTEM32\MPR.dll
0x00007ff9c2370000 - 0x00007ff9c24a6000 	C:\WINDOWS\system32\RPCRT4.dll
0x00007ff9c2850000 - 0x00007ff9c28a7000 	C:\WINDOWS\SYSTEM32\sechost.dll
0x00007ff9c2c00000 - 0x00007ff9c2dd7000 	C:\WINDOWS\SYSTEM32\combase.dll
0x00007ff9c2210000 - 0x00007ff9c2355000 	C:\WINDOWS\system32\GDI32.dll
0x00007ff9c0740000 - 0x00007ff9c0754000 	C:\WINDOWS\SYSTEM32\profapi.dll
0x00007ff9bebc0000 - 0x00007ff9bec61000 	C:\WINDOWS\SYSTEM32\SHCORE.dll
0x00007ff9c2ea0000 - 0x00007ff9c2ed4000 	C:\WINDOWS\system32\IMM32.DLL
0x00007ff9c2910000 - 0x00007ff9c2a48000 	C:\WINDOWS\system32\MSCTF.dll
0x00007ff9c0700000 - 0x00007ff9c072f000 	C:\Windows\system32\nvinitx.dll
0x000000000f000000 - 0x000000000f006000 	C:\Program Files\NVIDIA Corporation\CoProcManager\detoured.dll
0x00007ff9be6e0000 - 0x00007ff9be73f000 	C:\Program Files\NVIDIA Corporation\CoProcManager\nvd3d9wrapx.dll
0x00007ff9c2ee0000 - 0x00007ff9c30b6000 	C:\WINDOWS\system32\SETUPAPI.dll
0x00007ff9c0910000 - 0x00007ff9c095a000 	C:\WINDOWS\system32\CFGMGR32.dll
0x00007ff9be690000 - 0x00007ff9be6d6000 	C:\Program Files\NVIDIA Corporation\CoProcManager\nvdxgiwrapx.dll
0x00007ff9be740000 - 0x00007ff9be99a000 	C:\WINDOWS\WinSxS\amd64_microsoft.windows.common-controls_6595b64144ccf1df_6.0.9600.16384_none_62475f7becb72503\COMCTL32.dll
0x0000000069710000 - 0x00000000697e1000 	C:\Program Files\Java\jre7\bin\msvcr100.dll
0x0000000068f50000 - 0x000000006965f000 	C:\Program Files\Java\jre7\bin\server\jvm.dll
0x00007ff9aaa80000 - 0x00007ff9aaa89000 	C:\WINDOWS\SYSTEM32\WSOCK32.dll
0x00007ff9beca0000 - 0x00007ff9becbf000 	C:\WINDOWS\SYSTEM32\WINMM.dll
0x00007ff9c2360000 - 0x00007ff9c2367000 	C:\WINDOWS\system32\PSAPI.DLL
0x00007ff9c2a50000 - 0x00007ff9c2aa8000 	C:\WINDOWS\system32\WS2_32.dll
0x00007ff9bec70000 - 0x00007ff9bec9a000 	C:\WINDOWS\SYSTEM32\WINMMBASE.dll
0x00007ff9c2ab0000 - 0x00007ff9c2ab9000 	C:\WINDOWS\system32\NSI.dll
0x00007ff9bf5a0000 - 0x00007ff9bf5c6000 	C:\WINDOWS\SYSTEM32\DEVOBJ.dll
0x0000000069700000 - 0x000000006970f000 	C:\Program Files\Java\jre7\bin\verify.dll
0x00000000696d0000 - 0x00000000696f8000 	C:\Program Files\Java\jre7\bin\java.dll
0x00000000696b0000 - 0x00000000696c5000 	C:\Program Files\Java\jre7\bin\zip.dll

VM Arguments:
jvm_args: -Dfile.encoding=Cp1252 -Xbootclasspath:C:\Android\adt-bundle-windows-x86_64-20131030\adt-bundle-windows-x86_64-20131030\sdk\platforms\android-19\android.jar 
java_command: com.aa_software.farm_adventure.MainActivity
Launcher Type: SUN_STANDARD

Environment Variables:
PATH=C:\Program Files (x86)\NVIDIA Corporation\PhysX\Common;c:\Program Files (x86)\Intel\iCLS Client\;c:\Program Files\Intel\iCLS Client\;C:\Program Files\AuthenTec TrueSuite\;C:\Program Files\AuthenTec TrueSuite\x86;C:\WINDOWS\system32;C:\WINDOWS;C:\WINDOWS\System32\Wbem;C:\WINDOWS\System32\WindowsPowerShell\v1.0\;C:\Program Files (x86)\Intel\OpenCL SDK\3.0\bin\x86;C:\Program Files (x86)\Intel\OpenCL SDK\3.0\bin\x64;C:\Program Files\AuthenTec TrueSuite\x86\;C:\Program Files\Intel\Intel(R) Management Engine Components\DAL;C:\Program Files\Intel\Intel(R) Management Engine Components\IPT;C:\Program Files (x86)\Intel\Intel(R) Management Engine Components\DAL;C:\Program Files (x86)\Intel\Intel(R) Management Engine Components\IPT;C:\Program Files (x86)\Java\jdk1.7.0_40\bin;C:\Program Files (x86)\MySQL\MySQL Utilities 1.3.4\
USERNAME=Daddysmousey
OS=Windows_NT
PROCESSOR_IDENTIFIER=Intel64 Family 6 Model 58 Stepping 9, GenuineIntel



---------------  S Y S T E M  ---------------

OS: Windows 8 , 64 bit Build 9200 

CPU:total 8 (4 cores per cpu, 2 threads per core) family 6 model 58 stepping 9, cmov, cx8, fxsr, mmx, sse, sse2, sse3, ssse3, sse4.1, sse4.2, popcnt, avx, ht, tsc, tscinvbit, tscinv

Memory: 4k page, physical 8278252k(4498488k free), swap 9588972k(4490552k free)

vm_info: Java HotSpot(TM) 64-Bit Server VM (23.25-b01) for windows-amd64 JRE (1.7.0_25-b17), built on Jun 21 2013 12:58:32 by "java_re" with unknown MS VC++:1600

time: Sat Feb 01 09:45:03 2014
elapsed time: 0 seconds

